Using pre-set license
Built from '2021.1/staging' branch; Version is '2021.1.5f1 (3737af19df53) revision 3618735'; Using compiler version '192528614'; Build Type 'Release'
OS: 'Windows 10 Home; OS build 19042.985; Version 2009; 64bit' Language: 'en' Physical Memory: 6021 MB
BatchMode: 1, IsHumanControllingUs: 0, StartBugReporterOnCrash: 0, Is64bit: 1, IsPro: 0

 COMMAND LINE ARGUMENTS:
C:\Users\darth\Documents\Game Dev\2021.1.5f1\Editor\Unity.exe
-adb2
-batchMode
-noUpm
-name
AssetImportWorker0
-projectPath
C:/Users/darth/Documents/Gravity-surge-game/Gravity surge
-logFile
Logs/AssetImportWorker0.log
-srvPort
56484
Successfully changed project path to: C:/Users/darth/Documents/Gravity-surge-game/Gravity surge
C:/Users/darth/Documents/Gravity-surge-game/Gravity surge
Using Asset Import Pipeline V2.
Refreshing native plugins compatible for Editor in 124.92 ms, found 2 plugins.
Preloading 0 native plugins for Editor in 0.00 ms.
Initialize engine version: 2021.1.5f1 (3737af19df53)
[Subsystems] Discovering subsystems at path C:/Users/darth/Documents/Game Dev/2021.1.5f1/Editor/Data/Resources/UnitySubsystems
[Subsystems] Discovering subsystems at path C:/Users/darth/Documents/Gravity-surge-game/Gravity surge/Assets
GfxDevice: creating device client; threaded=0; jobified=0
Direct3D:
    Version:  Direct3D 11.0 [level 11.1]
    Renderer: NVIDIA GeForce GTX 1050 (ID=0x1c91)
    Vendor:   NVIDIA
    VRAM:     2996 MB
    Driver:   27.21.14.6140
Initialize mono
Mono path[0] = 'C:/Users/darth/Documents/Game Dev/2021.1.5f1/Editor/Data/Managed'
Mono path[1] = 'C:/Users/darth/Documents/Game Dev/2021.1.5f1/Editor/Data/MonoBleedingEdge/lib/mono/unityjit'
Mono config path = 'C:/Users/darth/Documents/Game Dev/2021.1.5f1/Editor/Data/MonoBleedingEdge/etc'
Using monoOptions --debugger-agent=transport=dt_socket,embedding=1,server=y,suspend=n,address=127.0.0.1:56060
Begin MonoManager ReloadAssembly
Registering precompiled unity dll's ...
Register platform support module: C:/Users/darth/Documents/Game Dev/2021.1.5f1/Editor/Data/PlaybackEngines/WindowsStandaloneSupport/UnityEditor.WindowsStandalone.Extensions.dll
Registered in 0.002753 seconds.
Native extension for WindowsStandalone target not found
Refreshing native plugins compatible for Editor in 140.00 ms, found 2 plugins.
Preloading 0 native plugins for Editor in 0.00 ms.
Mono: successfully reloaded assembly
- Completed reload, in  1.653 seconds
Platform modules already initialized, skipping
Registering precompiled user dll's ...
Registered in 0.004609 seconds.
Begin MonoManager ReloadAssembly
Native extension for WindowsStandalone target not found
Refreshing native plugins compatible for Editor in 119.96 ms, found 2 plugins.
Preloading 0 native plugins for Editor in 0.00 ms.
Mono: successfully reloaded assembly
- Completed reload, in  1.503 seconds
Platform modules already initialized, skipping
========================================================================
Worker process is ready to serve import requests
Launched and connected shader compiler UnityShaderCompiler.exe after 0.06 seconds
Refreshing native plugins compatible for Editor in 0.73 ms, found 2 plugins.
Preloading 0 native plugins for Editor in 0.00 ms.
Unloading 3376 Unused Serialized files (Serialized files now loaded: 0)
System memory in use before: 128.1 MB.
System memory in use after: 128.4 MB.

Unloading 24 unused Assets to reduce memory usage. Loaded Objects now: 3836.
Total: 3.578200 ms (FindLiveObjects: 0.356400 ms CreateObjectMapping: 0.109600 ms MarkObjects: 3.022200 ms  DeleteObjects: 0.088100 ms)

========================================================================
Received Import Request.
  path: Assets/Music and sound/Shrink.wav
  artifactKey: Guid(6e8526337cecaa34c9ca87233854fdd9) Importer(815301076,1909f56bfc062723c751e8b465ee728b)
Start importing Assets/Music and sound/Shrink.wav using Guid(6e8526337cecaa34c9ca87233854fdd9) Importer(815301076,1909f56bfc062723c751e8b465ee728b)  -> (artifact id: '5a4996fcfa230dc977acd132cb40a232') in 0.215232 seconds 
========================================================================
Received Import Request.
  Time since last request: 0.000298 seconds.
  path: Assets/Music and sound/level music 2.wav
  artifactKey: Guid(29e421da600be994da9103b4fd7bef4c) Importer(815301076,1909f56bfc062723c751e8b465ee728b)
Start importing Assets/Music and sound/level music 2.wav using Guid(29e421da600be994da9103b4fd7bef4c) Importer(815301076,1909f56bfc062723c751e8b465ee728b)  -> (artifact id: 'ae3557eb2589d16148d3e14492ef7802') in 0.033256 seconds 
========================================================================
Received Import Request.
  Time since last request: 0.000356 seconds.
  path: Assets/Music and sound/Jump.wav
  artifactKey: Guid(a3dd0c9ed8806c0488aefbfa76e608c1) Importer(815301076,1909f56bfc062723c751e8b465ee728b)
Start importing Assets/Music and sound/Jump.wav using Guid(a3dd0c9ed8806c0488aefbfa76e608c1) Importer(815301076,1909f56bfc062723c751e8b465ee728b)  -> (artifact id: '73bd603327c42e9aaf7be4178c1a926d') in 0.034541 seconds 
========================================================================
Received Import Request.
  Time since last request: 0.000312 seconds.
  path: Assets/Music and sound/Grav change.wav
  artifactKey: Guid(6454c8b50e5932a47a8762063544c164) Importer(815301076,1909f56bfc062723c751e8b465ee728b)
Start importing Assets/Music and sound/Grav change.wav using Guid(6454c8b50e5932a47a8762063544c164) Importer(815301076,1909f56bfc062723c751e8b465ee728b)  -> (artifact id: '50a32e04c0d6b01d08ec8dedbe70789d') in 0.034021 seconds 
========================================================================
Received Import Request.
  Time since last request: 0.000539 seconds.
  path: Assets/Music and sound/Level music 1.wav
  artifactKey: Guid(5a43051dab00adb47bae07bcdab3b19e) Importer(815301076,1909f56bfc062723c751e8b465ee728b)
Start importing Assets/Music and sound/Level music 1.wav using Guid(5a43051dab00adb47bae07bcdab3b19e) Importer(815301076,1909f56bfc062723c751e8b465ee728b)  -> (artifact id: '79f69b8b4cf6366949016bde0d4115e7') in 0.034921 seconds 
========================================================================
Received Import Request.
  Time since last request: 0.000318 seconds.
  path: Assets/Music and sound/Growth.wav
  artifactKey: Guid(b94f113884192744aa8718f8801703a8) Importer(815301076,1909f56bfc062723c751e8b465ee728b)
Start importing Assets/Music and sound/Growth.wav using Guid(b94f113884192744aa8718f8801703a8) Importer(815301076,1909f56bfc062723c751e8b465ee728b)  -> (artifact id: 'b5910a37d4af799b10d5b80113f99996') in 0.034566 seconds 
========================================================================
Received Import Request.
  Time since last request: 0.000363 seconds.
  path: Assets/Music and sound/Move.wav
  artifactKey: Guid(916de2489ec162e4c930c28adc147ef2) Importer(815301076,1909f56bfc062723c751e8b465ee728b)
Start importing Assets/Music and sound/Move.wav using Guid(916de2489ec162e4c930c28adc147ef2) Importer(815301076,1909f56bfc062723c751e8b465ee728b)  -> (artifact id: '0aa272522c3716d8dc4f3e448f6f4db8') in 0.036172 seconds 
========================================================================
Received Import Request.
  Time since last request: 0.000419 seconds.
  path: Assets/Music and sound/Menu music.wav
  artifactKey: Guid(d3252f3228538c3478cc1b428e870ff8) Importer(815301076,1909f56bfc062723c751e8b465ee728b)
Start importing Assets/Music and sound/Menu music.wav using Guid(d3252f3228538c3478cc1b428e870ff8) Importer(815301076,1909f56bfc062723c751e8b465ee728b)  -> (artifact id: '7fca9f98c47c6857e04cd692f349446b') in 0.030668 seconds 
========================================================================
Received Import Request.
  Time since last request: 0.000351 seconds.
  path: Assets/Music and sound/Land.wav
  artifactKey: Guid(0b16a4d51729b1f4eb30892f9e29d0ea) Importer(815301076,1909f56bfc062723c751e8b465ee728b)
Start importing Assets/Music and sound/Land.wav using Guid(0b16a4d51729b1f4eb30892f9e29d0ea) Importer(815301076,1909f56bfc062723c751e8b465ee728b)  -> (artifact id: 'dd01437f61afa7df1c6ec330316db11d') in 0.032273 seconds 
AssetImportWorkerClient::OnTransportError - code=2 error=End of file
